<?xml version="1.0" encoding="UTF-8"?>
<beans xmlns="http://www.springframework.org/schema/beans"
	xmlns:xsi="http://www.w3.org/2001/XMLSchema-instance"
	xmlns:context="http://www.springframework.org/schema/context"
	xmlns:mockito="http://www.mockito.org/spring/mockito"
	xsi:schemaLocation="http://www.springframework.org/schema/beans 
	       http://www.springframework.org/schema/beans/spring-beans.xsd
	       http://www.springframework.org/schema/context 
	       http://www.springframework.org/schema/context/spring-context-3.0.xsd
	       http://www.mockito.org/spring/mockito 
	       http://www.mockito.org/spring/mockito.xsd">		       

  <bean id="brokerProxy" class="org.mockito.Mockito" factory-method="mock">
    <constructor-arg value="org.powertac.common.interfaces.BrokerProxy" />
  </bean>

  <bean id="competitionControl" class="org.mockito.Mockito" factory-method="mock">
    <constructor-arg value="org.powertac.common.interfaces.CompetitionControl" />
  </bean> 	

  <context:annotation-config />

  <bean id="springApplicationContext"
        class="org.powertac.common.spring.SpringApplicationContext" />

  <bean id="timeService"
        class="org.powertac.common.TimeService" />
 
  <bean id="tariffRepo"
        class="org.powertac.common.repo.TariffRepo" />
        
  <bean id="tariffSubscriptionRepo"
        class="org.powertac.common.repo.TariffSubscriptionRepo" />
  
  <bean id="timeslotRepo"
        class="org.powertac.common.repo.TimeslotRepo" />
  
  <bean id="pluginConfigRepo"
        class="org.powertac.common.repo.PluginConfigRepo" />
        
  <bean id="randomSeedRepo"
        class="org.powertac.common.repo.RandomSeedRepo" />
        
  <bean id="brokerRepo"
        class="org.powertac.common.repo.BrokerRepo" />
        
  <bean id="customerRepo"
        class="org.powertac.common.repo.CustomerRepo" />      
        
  <bean id="accountingService"
  		class="org.powertac.accounting.AccountingService">
  </bean>      
        
  <bean id="accountingInitializationService"
  		class="org.powertac.accounting.AccountingInitializationService">
  </bean>
  
  <bean id="tariffMarketService"
        class="org.powertac.tariffmarket.TariffMarketService" >
        <property name="timeslotPhase">
                <value>3</value>
        </property>
  </bean>
  
  <bean id="tariffMarketInitializationService"
        class="org.powertac.tariffmarket.TariffMarketInitializationService" />
        
  <bean id="genericConsumerService"
        class="org.powertac.genericcustomer.GenericConsumerService">
        <property name="timeslotPhase">
                <value>1</value>
        </property> 
  </bean>
  
  <bean id="genericConsumerInitializationService"
        class="org.powertac.genericcustomer.GenericConsumerInitializationService" />  
        
  <bean id="genericProducerService"
        class="org.powertac.genericcustomer.GenericProducerService">
        <property name="timeslotPhase">
                <value>1</value>
        </property> 
  </bean>
  
  <bean id="genericProducerInitializationService"
        class="org.powertac.genericcustomer.GenericProducerInitializationService" />     
  
</beans>
